2026-01-11 09:50:12,987 [INFO] >>> Starting Program 1: Dynamic Raster Stack Builder
2026-01-11 09:50:12,990 [INFO] Using Configuration: metadata\dataset_config_static.yaml (Mode: static)
2026-01-11 09:50:12,997 [INFO] Reference Grid: su_a50000_c03_geo.tif
2026-01-11 09:50:13,010 [INFO] Grid Size: 11494 x 16408
2026-01-11 09:50:13,010 [INFO] CRS: EPSG:4326
2026-01-11 09:50:13,010 [INFO] --- Validating Factors ---
2026-01-11 09:50:13,037 [INFO] [OK] Slope
2026-01-11 09:50:13,056 [INFO] [OK] Lithology
2026-01-11 09:50:13,082 [INFO] [OK] Elevation
2026-01-11 09:50:13,103 [INFO] [OK] Curvature
2026-01-11 09:50:13,126 [INFO] [OK] TWI
2026-01-11 09:50:13,179 [INFO] [OK] Aspect
2026-01-11 09:50:13,198 [INFO] [OK] Soil
2026-01-11 09:50:13,201 [INFO] [OK] LULC
2026-01-11 09:50:13,207 [INFO] [OK] Dis2River
2026-01-11 09:50:13,209 [INFO] [OK] Dis2Road
2026-01-11 09:50:13,220 [INFO] [OK] Dis2Fault
2026-01-11 09:50:13,225 [INFO] [OK] Precipitation
2026-01-11 09:50:13,228 [INFO] [OK] NBR_Pre
2026-01-11 09:50:13,231 [INFO] [OK] NDVI_Pre
2026-01-11 09:50:13,234 [INFO] [OK] NDWI_Pre
2026-01-11 09:50:13,235 [INFO] --- Stacking 15 Layers ---
2026-01-11 09:50:13,235 [INFO] Output: E:\Document\paper_library\5th_paper_InSAR\datasets\03_stacked_data\Post_stack_static.tif
2026-01-11 09:50:14,629 [INFO] Writing Band 1: Slope
2026-01-11 09:50:20,447 [INFO] Writing Band 2: Lithology
2026-01-11 09:50:22,398 [INFO] Writing Band 3: Elevation
2026-01-11 09:50:27,698 [INFO] Writing Band 4: Curvature
2026-01-11 09:51:10,371 [INFO] Writing Band 5: TWI
2026-01-11 09:51:48,135 [INFO] Writing Band 6: Aspect
2026-01-11 09:51:54,538 [INFO] Writing Band 7: Soil
2026-01-11 09:51:58,638 [INFO] Writing Band 8: LULC
2026-01-11 09:52:26,636 [INFO] Writing Band 9: Dis2River
2026-01-11 09:53:37,277 [INFO] Writing Band 10: Dis2Road
2026-01-11 09:53:54,710 [INFO] Writing Band 11: Dis2Fault
2026-01-11 09:54:31,460 [INFO] Writing Band 12: Precipitation
2026-01-11 09:55:05,998 [INFO] Writing Band 13: NBR_Pre
2026-01-11 09:55:59,987 [INFO] Writing Band 14: NDVI_Pre
2026-01-11 09:56:54,045 [INFO] Writing Band 15: NDWI_Pre
2026-01-11 09:58:53,664 [INFO] Metadata written to: E:\Document\paper_library\5th_paper_InSAR\datasets\metadata\stack_metadata_post_static.json
2026-01-11 09:58:53,664 [INFO] >>> Build Stack Completed Successfully.
